18:41:05.107 [main] INFO  api.tests.UserTests - ********          Creating a User          ********
18:41:07.568 [main] INFO  api.tests.UserTests - ********          User is Created          ********
18:41:07.585 [main] INFO  api.tests.UserTests - ********          Retreiving a User          ********
18:41:07.811 [main] INFO  api.tests.UserTests - ********          User is Retreived          ********
18:41:07.815 [main] INFO  api.tests.UserTests - ********          Updating a User          ********
18:41:08.215 [main] INFO  api.tests.UserTests - ********          User is Updated          ********
18:41:08.220 [main] INFO  api.tests.UserTests - ********          Deleting a User          ********
18:41:08.427 [main] INFO  api.tests.UserTests - ********          User is Deleted          ********
13:04:34.865 [main] INFO  api.tests.UserTests2 - ********          Creating a User          ********
13:04:37.732 [main] INFO  api.tests.UserTests2 - ********          User is Created          ********
13:04:37.765 [main] INFO  api.tests.UserTests2 - ********          Retrieving a User          ********
13:04:38.026 [main] INFO  api.tests.UserTests2 - ********          User is Retrieved          ********
13:04:38.034 [main] INFO  api.tests.UserTests2 - ********          Updating a User          ********
13:04:38.643 [main] INFO  api.tests.UserTests2 - ********          User is Updated          ********
13:04:38.648 [main] INFO  api.tests.UserTests2 - ********          Deleting a User          ********
13:04:39.050 [main] INFO  api.tests.UserTests2 - ********          User is Deleted          ********
13:15:51.846 [main] INFO  api.tests.UserTests2 - ********          Creating a User          ********
13:15:54.190 [main] INFO  api.tests.UserTests2 - ********          User is Created          ********
13:15:54.202 [main] INFO  api.tests.UserTests2 - ********          Retrieving a User          ********
13:15:54.400 [main] INFO  api.tests.UserTests2 - ********          User is Retrieved          ********
13:15:54.403 [main] INFO  api.tests.UserTests2 - ********          Updating a User          ********
13:15:54.797 [main] INFO  api.tests.UserTests2 - ********          User is Updated          ********
13:15:54.802 [main] INFO  api.tests.UserTests2 - ********          Deleting a User          ********
13:15:54.984 [main] INFO  api.tests.UserTests2 - ********          User is Deleted          ********
13:10:17.857 [main] INFO  api.tests.UserTests2 - ********          Creating a User          ********
13:10:22.440 [main] INFO  api.tests.UserTests2 - ********          User is Created          ********
13:10:22.459 [main] INFO  api.tests.UserTests2 - ********          Retrieving a User          ********
13:10:22.767 [main] INFO  api.tests.UserTests2 - ********          User is Retrieved          ********
13:10:22.769 [main] INFO  api.tests.UserTests2 - ********          Updating a User          ********
13:10:23.247 [main] INFO  api.tests.UserTests2 - ********          User is Updated          ********
13:10:23.252 [main] INFO  api.tests.UserTests2 - ********          Deleting a User          ********
13:10:23.541 [main] INFO  api.tests.UserTests2 - ********          User is Deleted          ********
